<?xml version="1.0" encoding="UTF-8"?>
<!-- Generated by org.testng.reporters.JUnitReportReporter -->
<testsuite hostname="DESKTOP-IDBM9JE" failures="0" tests="1" name="com.demo.Demo1" time="0.015" errors="0" timestamp="2023-01-06T23:25:29 IST" skipped="0">
  <testcase classname="com.demo.Demo1" name="m2" time="0.015"/>
  <system-out>
    <![CDATA[santhu]]>
  </system-out>
</testsuite> <!-- com.demo.Demo1 -->
