<?xml version="1.0" encoding="UTF-8"?>
<!-- Generated by org.testng.reporters.JUnitReportReporter -->
<testsuite hostname="DESKTOP-IDBM9JE" failures="0" tests="1" name="com.demo.Demo" time="0.004" errors="0" timestamp="2023-01-06T23:25:29 IST" skipped="0">
  <testcase classname="com.demo.Demo" name="m1" time="0.004"/>
  <system-out>
    <![CDATA[sanju]]>
  </system-out>
</testsuite> <!-- com.demo.Demo -->
